<?xml version="1.0" encoding="UTF-8"?>
<!-- Generated by org.testng.reporters.JUnitReportReporter -->
<testsuite hostname="LAPTOP-D27JJ0BB" failures="0" tests="1" name="org.priority.Priority" time="0.016" errors="0" timestamp="28 Feb 2021 10:03:12 GMT" skipped="0">
  <testcase classname="org.priority.Priority" name="ihhgschool" time="0.016"/>
</testsuite> <!-- org.priority.Priority -->
